0000              1   ;--------------------------------------------------------
0000              2   ; File Created by C51
0000              3   ; Version 1.0.0 #1170 (Feb 16 2022) (MSVC)
0000              4   ; This file was generated Tue Mar 04 16:35:48 2025
0000              5   ;--------------------------------------------------------
                  5   $name EFM8_ADC
                  6   $optc51 --model-small
                  7   $printf_float
0000              9            R_DSEG    segment data
0000             10            R_CSEG    segment code
0000             11            R_BSEG    segment bit
0000             12            R_XSEG    segment xdata
0000             13            R_PSEG    segment xdata
0000             14            R_ISEG    segment idata
0000             15            R_OSEG    segment data overlay
0000             16            BIT_BANK  segment data overlay
0000             17            R_HOME    segment code
0000             18            R_GSINIT  segment code
0000             19            R_IXSEG   segment xdata
0000             20            R_CONST   segment code
0000             21            R_XINIT   segment code
0000             22            R_DINIT   segment code
0000             23   
0000             24   ;--------------------------------------------------------
0000             25   ; Public variables in this module
0000             26   ;--------------------------------------------------------
0000             27            public _InitPinADC_PARM_2
0000             28            public _main
0000             29            public _Volts_at_Pin
0000             30            public _ADC_at_Pin
0000             31            public _InitPinADC
0000             32            public _waitms
0000             33            public _Timer3us
0000             34            public _InitADC
0000             35            public __c51_external_startup
0000             36   ;--------------------------------------------------------
0000             37   ; Special Function Registers
0000             38   ;--------------------------------------------------------
0000             39   _ACC            DATA 0xe0
0000             40   _ADC0ASAH       DATA 0xb6
0000             41   _ADC0ASAL       DATA 0xb5
0000             42   _ADC0ASCF       DATA 0xa1
0000             43   _ADC0ASCT       DATA 0xc7
0000             44   _ADC0CF0        DATA 0xbc
0000             45   _ADC0CF1        DATA 0xb9
0000             46   _ADC0CF2        DATA 0xdf
0000             47   _ADC0CN0        DATA 0xe8
0000             48   _ADC0CN1        DATA 0xb2
0000             49   _ADC0CN2        DATA 0xb3
0000             50   _ADC0GTH        DATA 0xc4
0000             51   _ADC0GTL        DATA 0xc3
0000             52   _ADC0H          DATA 0xbe
0000             53   _ADC0L          DATA 0xbd
0000             54   _ADC0LTH        DATA 0xc6
0000             55   _ADC0LTL        DATA 0xc5
0000             56   _ADC0MX         DATA 0xbb
0000             57   _B              DATA 0xf0
0000             58   _CKCON0         DATA 0x8e
0000             59   _CKCON1         DATA 0xa6
0000             60   _CLEN0          DATA 0xc6
0000             61   _CLIE0          DATA 0xc7
0000             62   _CLIF0          DATA 0xe8
0000             63   _CLKSEL         DATA 0xa9
0000             64   _CLOUT0         DATA 0xd1
0000             65   _CLU0CF         DATA 0xb1
0000             66   _CLU0FN         DATA 0xaf
0000             67   _CLU0MX         DATA 0x84
0000             68   _CLU1CF         DATA 0xb3
0000             69   _CLU1FN         DATA 0xb2
0000             70   _CLU1MX         DATA 0x85
0000             71   _CLU2CF         DATA 0xb6
0000             72   _CLU2FN         DATA 0xb5
0000             73   _CLU2MX         DATA 0x91
0000             74   _CLU3CF         DATA 0xbf
0000             75   _CLU3FN         DATA 0xbe
0000             76   _CLU3MX         DATA 0xae
0000             77   _CMP0CN0        DATA 0x9b
0000             78   _CMP0CN1        DATA 0x99
0000             79   _CMP0MD         DATA 0x9d
0000             80   _CMP0MX         DATA 0x9f
0000             81   _CMP1CN0        DATA 0xbf
0000             82   _CMP1CN1        DATA 0xac
0000             83   _CMP1MD         DATA 0xab
0000             84   _CMP1MX         DATA 0xaa
0000             85   _CRC0CN0        DATA 0xce
0000             86   _CRC0CN1        DATA 0x86
0000             87   _CRC0CNT        DATA 0xd3
0000             88   _CRC0DAT        DATA 0xcb
0000             89   _CRC0FLIP       DATA 0xcf
0000             90   _CRC0IN         DATA 0xca
0000             91   _CRC0ST         DATA 0xd2
0000             92   _DAC0CF0        DATA 0x91
0000             93   _DAC0CF1        DATA 0x92
0000             94   _DAC0H          DATA 0x85
0000             95   _DAC0L          DATA 0x84
0000             96   _DAC1CF0        DATA 0x93
0000             97   _DAC1CF1        DATA 0x94
0000             98   _DAC1H          DATA 0x8a
0000             99   _DAC1L          DATA 0x89
0000            100   _DAC2CF0        DATA 0x95
0000            101   _DAC2CF1        DATA 0x96
0000            102   _DAC2H          DATA 0x8c
0000            103   _DAC2L          DATA 0x8b
0000            104   _DAC3CF0        DATA 0x9a
0000            105   _DAC3CF1        DATA 0x9c
0000            106   _DAC3H          DATA 0x8e
0000            107   _DAC3L          DATA 0x8d
0000            108   _DACGCF0        DATA 0x88
0000            109   _DACGCF1        DATA 0x98
0000            110   _DACGCF2        DATA 0xa2
0000            111   _DERIVID        DATA 0xad
0000            112   _DEVICEID       DATA 0xb5
0000            113   _DPH            DATA 0x83
0000            114   _DPL            DATA 0x82
0000            115   _EIE1           DATA 0xe6
0000            116   _EIE2           DATA 0xf3
0000            117   _EIP1           DATA 0xbb
0000            118   _EIP1H          DATA 0xee
0000            119   _EIP2           DATA 0xed
0000            120   _EIP2H          DATA 0xf6
0000            121   _EMI0CN         DATA 0xe7
0000            122   _FLKEY          DATA 0xb7
0000            123   _HFO0CAL        DATA 0xc7
0000            124   _HFO1CAL        DATA 0xd6
0000            125   _HFOCN          DATA 0xef
0000            126   _I2C0ADM        DATA 0xff
0000            127   _I2C0CN0        DATA 0xba
0000            128   _I2C0DIN        DATA 0xbc
0000            129   _I2C0DOUT       DATA 0xbb
0000            130   _I2C0FCN0       DATA 0xad
0000            131   _I2C0FCN1       DATA 0xab
0000            132   _I2C0FCT        DATA 0xf5
0000            133   _I2C0SLAD       DATA 0xbd
0000            134   _I2C0STAT       DATA 0xb9
0000            135   _IE             DATA 0xa8
0000            136   _IP             DATA 0xb8
0000            137   _IPH            DATA 0xf2
0000            138   _IT01CF         DATA 0xe4
0000            139   _LFO0CN         DATA 0xb1
0000            140   _P0             DATA 0x80
0000            141   _P0MASK         DATA 0xfe
0000            142   _P0MAT          DATA 0xfd
0000            143   _P0MDIN         DATA 0xf1
0000            144   _P0MDOUT        DATA 0xa4
0000            145   _P0SKIP         DATA 0xd4
0000            146   _P1             DATA 0x90
0000            147   _P1MASK         DATA 0xee
0000            148   _P1MAT          DATA 0xed
0000            149   _P1MDIN         DATA 0xf2
0000            150   _P1MDOUT        DATA 0xa5
0000            151   _P1SKIP         DATA 0xd5
0000            152   _P2             DATA 0xa0
0000            153   _P2MASK         DATA 0xfc
0000            154   _P2MAT          DATA 0xfb
0000            155   _P2MDIN         DATA 0xf3
0000            156   _P2MDOUT        DATA 0xa6
0000            157   _P2SKIP         DATA 0xcc
0000            158   _P3             DATA 0xb0
0000            159   _P3MDIN         DATA 0xf4
0000            160   _P3MDOUT        DATA 0x9c
0000            161   _PCA0CENT       DATA 0x9e
0000            162   _PCA0CLR        DATA 0x9c
0000            163   _PCA0CN0        DATA 0xd8
0000            164   _PCA0CPH0       DATA 0xfc
0000            165   _PCA0CPH1       DATA 0xea
0000            166   _PCA0CPH2       DATA 0xec
0000            167   _PCA0CPH3       DATA 0xf5
0000            168   _PCA0CPH4       DATA 0x85
0000            169   _PCA0CPH5       DATA 0xde
0000            170   _PCA0CPL0       DATA 0xfb
0000            171   _PCA0CPL1       DATA 0xe9
0000            172   _PCA0CPL2       DATA 0xeb
0000            173   _PCA0CPL3       DATA 0xf4
0000            174   _PCA0CPL4       DATA 0x84
0000            175   _PCA0CPL5       DATA 0xdd
0000            176   _PCA0CPM0       DATA 0xda
0000            177   _PCA0CPM1       DATA 0xdb
0000            178   _PCA0CPM2       DATA 0xdc
0000            179   _PCA0CPM3       DATA 0xae
0000            180   _PCA0CPM4       DATA 0xaf
0000            181   _PCA0CPM5       DATA 0xcc
0000            182   _PCA0H          DATA 0xfa
0000            183   _PCA0L          DATA 0xf9
0000            184   _PCA0MD         DATA 0xd9
0000            185   _PCA0POL        DATA 0x96
0000            186   _PCA0PWM        DATA 0xf7
0000            187   _PCON0          DATA 0x87
0000            188   _PCON1          DATA 0xcd
0000            189   _PFE0CN         DATA 0xc1
0000            190   _PRTDRV         DATA 0xf6
0000            191   _PSCTL          DATA 0x8f
0000            192   _PSTAT0         DATA 0xaa
0000            193   _PSW            DATA 0xd0
0000            194   _REF0CN         DATA 0xd1
0000            195   _REG0CN         DATA 0xc9
0000            196   _REVID          DATA 0xb6
0000            197   _RSTSRC         DATA 0xef
0000            198   _SBCON1         DATA 0x94
0000            199   _SBRLH1         DATA 0x96
0000            200   _SBRLL1         DATA 0x95
0000            201   _SBUF           DATA 0x99
0000            202   _SBUF0          DATA 0x99
0000            203   _SBUF1          DATA 0x92
0000            204   _SCON           DATA 0x98
0000            205   _SCON0          DATA 0x98
0000            206   _SCON1          DATA 0xc8
0000            207   _SFRPAGE        DATA 0xa7
0000            208   _SFRPGCN        DATA 0xbc
0000            209   _SFRSTACK       DATA 0xd7
0000            210   _SMB0ADM        DATA 0xd6
0000            211   _SMB0ADR        DATA 0xd7
0000            212   _SMB0CF         DATA 0xc1
0000            213   _SMB0CN0        DATA 0xc0
0000            214   _SMB0DAT        DATA 0xc2
0000            215   _SMB0FCN0       DATA 0xc3
0000            216   _SMB0FCN1       DATA 0xc4
0000            217   _SMB0FCT        DATA 0xef
0000            218   _SMB0RXLN       DATA 0xc5
0000            219   _SMB0TC         DATA 0xac
0000            220   _SMOD1          DATA 0x93
0000            221   _SP             DATA 0x81
0000            222   _SPI0CFG        DATA 0xa1
0000            223   _SPI0CKR        DATA 0xa2
0000            224   _SPI0CN0        DATA 0xf8
0000            225   _SPI0DAT        DATA 0xa3
0000            226   _SPI0FCN0       DATA 0x9a
0000            227   _SPI0FCN1       DATA 0x9b
0000            228   _SPI0FCT        DATA 0xf7
0000            229   _SPI0PCF        DATA 0xdf
0000            230   _TCON           DATA 0x88
0000            231   _TH0            DATA 0x8c
0000            232   _TH1            DATA 0x8d
0000            233   _TL0            DATA 0x8a
0000            234   _TL1            DATA 0x8b
0000            235   _TMOD           DATA 0x89
0000            236   _TMR2CN0        DATA 0xc8
0000            237   _TMR2CN1        DATA 0xfd
0000            238   _TMR2H          DATA 0xcf
0000            239   _TMR2L          DATA 0xce
0000            240   _TMR2RLH        DATA 0xcb
0000            241   _TMR2RLL        DATA 0xca
0000            242   _TMR3CN0        DATA 0x91
0000            243   _TMR3CN1        DATA 0xfe
0000            244   _TMR3H          DATA 0x95
0000            245   _TMR3L          DATA 0x94
0000            246   _TMR3RLH        DATA 0x93
0000            247   _TMR3RLL        DATA 0x92
0000            248   _TMR4CN0        DATA 0x98
0000            249   _TMR4CN1        DATA 0xff
0000            250   _TMR4H          DATA 0xa5
0000            251   _TMR4L          DATA 0xa4
0000            252   _TMR4RLH        DATA 0xa3
0000            253   _TMR4RLL        DATA 0xa2
0000            254   _TMR5CN0        DATA 0xc0
0000            255   _TMR5CN1        DATA 0xf1
0000            256   _TMR5H          DATA 0xd5
0000            257   _TMR5L          DATA 0xd4
0000            258   _TMR5RLH        DATA 0xd3
0000            259   _TMR5RLL        DATA 0xd2
0000            260   _UART0PCF       DATA 0xd9
0000            261   _UART1FCN0      DATA 0x9d
0000            262   _UART1FCN1      DATA 0xd8
0000            263   _UART1FCT       DATA 0xfa
0000            264   _UART1LIN       DATA 0x9e
0000            265   _UART1PCF       DATA 0xda
0000            266   _VDM0CN         DATA 0xff
0000            267   _WDTCN          DATA 0x97
0000            268   _XBR0           DATA 0xe1
0000            269   _XBR1           DATA 0xe2
0000            270   _XBR2           DATA 0xe3
0000            271   _XOSC0CN        DATA 0x86
0000            272   _DPTR           DATA 0x8382
0000            273   _TMR2RL         DATA 0xcbca
0000            274   _TMR3RL         DATA 0x9392
0000            275   _TMR4RL         DATA 0xa3a2
0000            276   _TMR5RL         DATA 0xd3d2
0000            277   _TMR0           DATA 0x8c8a
0000            278   _TMR1           DATA 0x8d8b
0000            279   _TMR2           DATA 0xcfce
0000            280   _TMR3           DATA 0x9594
0000            281   _TMR4           DATA 0xa5a4
0000            282   _TMR5           DATA 0xd5d4
0000            283   _SBRL1          DATA 0x9695
0000            284   _PCA0           DATA 0xfaf9
0000            285   _PCA0CP0        DATA 0xfcfb
0000            286   _PCA0CP1        DATA 0xeae9
0000            287   _PCA0CP2        DATA 0xeceb
0000            288   _PCA0CP3        DATA 0xf5f4
0000            289   _PCA0CP4        DATA 0x8584
0000            290   _PCA0CP5        DATA 0xdedd
0000            291   _ADC0ASA        DATA 0xb6b5
0000            292   _ADC0GT         DATA 0xc4c3
0000            293   _ADC0           DATA 0xbebd
0000            294   _ADC0LT         DATA 0xc6c5
0000            295   _DAC0           DATA 0x8584
0000            296   _DAC1           DATA 0x8a89
0000            297   _DAC2           DATA 0x8c8b
0000            298   _DAC3           DATA 0x8e8d
0000            299   ;--------------------------------------------------------
0000            300   ; special function bits
0000            301   ;--------------------------------------------------------
0000            302   _ACC_0          BIT 0xe0
0000            303   _ACC_1          BIT 0xe1
0000            304   _ACC_2          BIT 0xe2
0000            305   _ACC_3          BIT 0xe3
0000            306   _ACC_4          BIT 0xe4
0000            307   _ACC_5          BIT 0xe5
0000            308   _ACC_6          BIT 0xe6
0000            309   _ACC_7          BIT 0xe7
0000            310   _TEMPE          BIT 0xe8
0000            311   _ADGN0          BIT 0xe9
0000            312   _ADGN1          BIT 0xea
0000            313   _ADWINT         BIT 0xeb
0000            314   _ADBUSY         BIT 0xec
0000            315   _ADINT          BIT 0xed
0000            316   _IPOEN          BIT 0xee
0000            317   _ADEN           BIT 0xef
0000            318   _B_0            BIT 0xf0
0000            319   _B_1            BIT 0xf1
0000            320   _B_2            BIT 0xf2
0000            321   _B_3            BIT 0xf3
0000            322   _B_4            BIT 0xf4
0000            323   _B_5            BIT 0xf5
0000            324   _B_6            BIT 0xf6
0000            325   _B_7            BIT 0xf7
0000            326   _C0FIF          BIT 0xe8
0000            327   _C0RIF          BIT 0xe9
0000            328   _C1FIF          BIT 0xea
0000            329   _C1RIF          BIT 0xeb
0000            330   _C2FIF          BIT 0xec
0000            331   _C2RIF          BIT 0xed
0000            332   _C3FIF          BIT 0xee
0000            333   _C3RIF          BIT 0xef
0000            334   _D1SRC0         BIT 0x88
0000            335   _D1SRC1         BIT 0x89
0000            336   _D1AMEN         BIT 0x8a
0000            337   _D01REFSL       BIT 0x8b
0000            338   _D3SRC0         BIT 0x8c
0000            339   _D3SRC1         BIT 0x8d
0000            340   _D3AMEN         BIT 0x8e
0000            341   _D23REFSL       BIT 0x8f
0000            342   _D0UDIS         BIT 0x98
0000            343   _D1UDIS         BIT 0x99
0000            344   _D2UDIS         BIT 0x9a
0000            345   _D3UDIS         BIT 0x9b
0000            346   _EX0            BIT 0xa8
0000            347   _ET0            BIT 0xa9
0000            348   _EX1            BIT 0xaa
0000            349   _ET1            BIT 0xab
0000            350   _ES0            BIT 0xac
0000            351   _ET2            BIT 0xad
0000            352   _ESPI0          BIT 0xae
0000            353   _EA             BIT 0xaf
0000            354   _PX0            BIT 0xb8
0000            355   _PT0            BIT 0xb9
0000            356   _PX1            BIT 0xba
0000            357   _PT1            BIT 0xbb
0000            358   _PS0            BIT 0xbc
0000            359   _PT2            BIT 0xbd
0000            360   _PSPI0          BIT 0xbe
0000            361   _P0_0           BIT 0x80
0000            362   _P0_1           BIT 0x81
0000            363   _P0_2           BIT 0x82
0000            364   _P0_3           BIT 0x83
0000            365   _P0_4           BIT 0x84
0000            366   _P0_5           BIT 0x85
0000            367   _P0_6           BIT 0x86
0000            368   _P0_7           BIT 0x87
0000            369   _P1_0           BIT 0x90
0000            370   _P1_1           BIT 0x91
0000            371   _P1_2           BIT 0x92
0000            372   _P1_3           BIT 0x93
0000            373   _P1_4           BIT 0x94
0000            374   _P1_5           BIT 0x95
0000            375   _P1_6           BIT 0x96
0000            376   _P1_7           BIT 0x97
0000            377   _P2_0           BIT 0xa0
0000            378   _P2_1           BIT 0xa1
0000            379   _P2_2           BIT 0xa2
0000            380   _P2_3           BIT 0xa3
0000            381   _P2_4           BIT 0xa4
0000            382   _P2_5           BIT 0xa5
0000            383   _P2_6           BIT 0xa6
0000            384   _P3_0           BIT 0xb0
0000            385   _P3_1           BIT 0xb1
0000            386   _P3_2           BIT 0xb2
0000            387   _P3_3           BIT 0xb3
0000            388   _P3_4           BIT 0xb4
0000            389   _P3_7           BIT 0xb7
0000            390   _CCF0           BIT 0xd8
0000            391   _CCF1           BIT 0xd9
0000            392   _CCF2           BIT 0xda
0000            393   _CCF3           BIT 0xdb
0000            394   _CCF4           BIT 0xdc
0000            395   _CCF5           BIT 0xdd
0000            396   _CR             BIT 0xde
0000            397   _CF             BIT 0xdf
0000            398   _PARITY         BIT 0xd0
0000            399   _F1             BIT 0xd1
0000            400   _OV             BIT 0xd2
0000            401   _RS0            BIT 0xd3
0000            402   _RS1            BIT 0xd4
0000            403   _F0             BIT 0xd5
0000            404   _AC             BIT 0xd6
0000            405   _CY             BIT 0xd7
0000            406   _RI             BIT 0x98
0000            407   _TI             BIT 0x99
0000            408   _RB8            BIT 0x9a
0000            409   _TB8            BIT 0x9b
0000            410   _REN            BIT 0x9c
0000            411   _CE             BIT 0x9d
0000            412   _SMODE          BIT 0x9e
0000            413   _RI1            BIT 0xc8
0000            414   _TI1            BIT 0xc9
0000            415   _RBX1           BIT 0xca
0000            416   _TBX1           BIT 0xcb
0000            417   _REN1           BIT 0xcc
0000            418   _PERR1          BIT 0xcd
0000            419   _OVR1           BIT 0xce
0000            420   _SI             BIT 0xc0
0000            421   _ACK            BIT 0xc1
0000            422   _ARBLOST        BIT 0xc2
0000            423   _ACKRQ          BIT 0xc3
0000            424   _STO            BIT 0xc4
0000            425   _STA            BIT 0xc5
0000            426   _TXMODE         BIT 0xc6
0000            427   _MASTER         BIT 0xc7
0000            428   _SPIEN          BIT 0xf8
0000            429   _TXNF           BIT 0xf9
0000            430   _NSSMD0         BIT 0xfa
0000            431   _NSSMD1         BIT 0xfb
0000            432   _RXOVRN         BIT 0xfc
0000            433   _MODF           BIT 0xfd
0000            434   _WCOL           BIT 0xfe
0000            435   _SPIF           BIT 0xff
0000            436   _IT0            BIT 0x88
0000            437   _IE0            BIT 0x89
0000            438   _IT1            BIT 0x8a
0000            439   _IE1            BIT 0x8b
0000            440   _TR0            BIT 0x8c
0000            441   _TF0            BIT 0x8d
0000            442   _TR1            BIT 0x8e
0000            443   _TF1            BIT 0x8f
0000            444   _T2XCLK0        BIT 0xc8
0000            445   _T2XCLK1        BIT 0xc9
0000            446   _TR2            BIT 0xca
0000            447   _T2SPLIT        BIT 0xcb
0000            448   _TF2CEN         BIT 0xcc
0000            449   _TF2LEN         BIT 0xcd
0000            450   _TF2L           BIT 0xce
0000            451   _TF2H           BIT 0xcf
0000            452   _T4XCLK0        BIT 0x98
0000            453   _T4XCLK1        BIT 0x99
0000            454   _TR4            BIT 0x9a
0000            455   _T4SPLIT        BIT 0x9b
0000            456   _TF4CEN         BIT 0x9c
0000            457   _TF4LEN         BIT 0x9d
0000            458   _TF4L           BIT 0x9e
0000            459   _TF4H           BIT 0x9f
0000            460   _T5XCLK0        BIT 0xc0
0000            461   _T5XCLK1        BIT 0xc1
0000            462   _TR5            BIT 0xc2
0000            463   _T5SPLIT        BIT 0xc3
0000            464   _TF5CEN         BIT 0xc4
0000            465   _TF5LEN         BIT 0xc5
0000            466   _TF5L           BIT 0xc6
0000            467   _TF5H           BIT 0xc7
0000            468   _RIE            BIT 0xd8
0000            469   _RXTO0          BIT 0xd9
0000            470   _RXTO1          BIT 0xda
0000            471   _RFRQ           BIT 0xdb
0000            472   _TIE            BIT 0xdc
0000            473   _TXHOLD         BIT 0xdd
0000            474   _TXNF1          BIT 0xde
0000            475   _TFRQ           BIT 0xdf
0000            476   ;--------------------------------------------------------
0000            477   ; overlayable register banks
0000            478   ;--------------------------------------------------------
0000            479            rbank0 segment data overlay
0000            480   ;--------------------------------------------------------
0000            481   ; internal ram data
0000            482   ;--------------------------------------------------------
0000            483            rseg R_DSEG
0000            484   ;--------------------------------------------------------
0000            485   ; overlayable items in internal ram 
0000            486   ;--------------------------------------------------------
0000            487            rseg    R_OSEG
0000            488            rseg    R_OSEG
0000            489   _InitPinADC_PARM_2:
0000            490            ds 1
0001            491            rseg    R_OSEG
0001            492   ;--------------------------------------------------------
0001            493   ; indirectly addressable internal ram data
0001            494   ;--------------------------------------------------------
0000            495            rseg R_ISEG
0000            496   ;--------------------------------------------------------
0000            497   ; absolute internal ram data
0000            498   ;--------------------------------------------------------
0000            499            DSEG
0000            500   ;--------------------------------------------------------
0000            501   ; bit data
0000            502   ;--------------------------------------------------------
0000            503            rseg R_BSEG
0000            504   ;--------------------------------------------------------
0000            505   ; paged external ram data
0000            506   ;--------------------------------------------------------
0000            507            rseg R_PSEG
0000            508   ;--------------------------------------------------------
0000            509   ; external ram data
0000            510   ;--------------------------------------------------------
0000            511            rseg R_XSEG
0000            512   ;--------------------------------------------------------
0000            513   ; absolute external ram data
0000            514   ;--------------------------------------------------------
0000            515            XSEG
0000            516   ;--------------------------------------------------------
0000            517   ; external initialized ram data
0000            518   ;--------------------------------------------------------
0000            519            rseg R_IXSEG
0000            520            rseg R_HOME
0000            521            rseg R_GSINIT
0000            522            rseg R_CSEG
0000            523   ;--------------------------------------------------------
0000            524   ; Reset entry point and interrupt vectors
0000            525   ;--------------------------------------------------------
0000            526            CSEG at 0x0000
0000 020000     527            ljmp    _crt0
0003            528   ;--------------------------------------------------------
0003            529   ; global & static initialisations
0003            530   ;--------------------------------------------------------
0000            531            rseg R_HOME
0000            532            rseg R_GSINIT
0000            533            rseg R_GSINIT
0000            534   ;--------------------------------------------------------
0000            535   ; data variables initialization
0000            536   ;--------------------------------------------------------
0000            537            rseg R_DINIT
0000            538            ; The linker places a 'ret' at the end of segment R_DINIT.
0000            539   ;--------------------------------------------------------
0000            540   ; code
0000            541   ;--------------------------------------------------------
0000            542            rseg R_CSEG
0000            543   ;------------------------------------------------------------
0000            544   ;Allocation info for local variables in function '_c51_external_startup'
0000            545   ;------------------------------------------------------------
0000            546   ;------------------------------------------------------------
0000            547   ;        C:\Users\wongh\OneDrive - UBC\UBC\Year 2\ELEC 291\ELEC-291\Lab5\EFM8_ADC.c:17: char _c51_external_startup (void)
0000            548   ;        -----------------------------------------
0000            549   ;         function _c51_external_startup
0000            550   ;        -----------------------------------------
0000            551   __c51_external_startup:
0000            552            using   0
0000            553   ;        C:\Users\wongh\OneDrive - UBC\UBC\Year 2\ELEC 291\ELEC-291\Lab5\EFM8_ADC.c:20: SFRPAGE = 0x00;
0000 75A700     554            mov     _SFRPAGE,#0x00
0003            555   ;        C:\Users\wongh\OneDrive - UBC\UBC\Year 2\ELEC 291\ELEC-291\Lab5\EFM8_ADC.c:21: WDTCN = 0xDE; //First key
0003 7597DE     556            mov     _WDTCN,#0xDE
0006            557   ;        C:\Users\wongh\OneDrive - UBC\UBC\Year 2\ELEC 291\ELEC-291\Lab5\EFM8_ADC.c:22: WDTCN = 0xAD; //Second key
0006 7597AD     558            mov     _WDTCN,#0xAD
0009            559   ;        C:\Users\wongh\OneDrive - UBC\UBC\Year 2\ELEC 291\ELEC-291\Lab5\EFM8_ADC.c:24: VDM0CN=0x80;       // enable VDD monitor
0009 75FF80     560            mov     _VDM0CN,#0x80
000C            561   ;        C:\Users\wongh\OneDrive - UBC\UBC\Year 2\ELEC 291\ELEC-291\Lab5\EFM8_ADC.c:25: RSTSRC=0x02|0x04;  // Enable reset on missing clock detector and VDD
000C 75EF06     562            mov     _RSTSRC,#0x06
000F            563   ;        C:\Users\wongh\OneDrive - UBC\UBC\Year 2\ELEC 291\ELEC-291\Lab5\EFM8_ADC.c:32: SFRPAGE = 0x10;
000F 75A710     564            mov     _SFRPAGE,#0x10
0012            565   ;        C:\Users\wongh\OneDrive - UBC\UBC\Year 2\ELEC 291\ELEC-291\Lab5\EFM8_ADC.c:33: PFE0CN  = 0x20; // SYSCLK < 75 MHz.
0012 75C120     566            mov     _PFE0CN,#0x20
0015            567   ;        C:\Users\wongh\OneDrive - UBC\UBC\Year 2\ELEC 291\ELEC-291\Lab5\EFM8_ADC.c:34: SFRPAGE = 0x00;
0015 75A700     568            mov     _SFRPAGE,#0x00
0018            569   ;        C:\Users\wongh\OneDrive - UBC\UBC\Year 2\ELEC 291\ELEC-291\Lab5\EFM8_ADC.c:55: CLKSEL = 0x00;
0018 75A900     570            mov     _CLKSEL,#0x00
001B            571   ;        C:\Users\wongh\OneDrive - UBC\UBC\Year 2\ELEC 291\ELEC-291\Lab5\EFM8_ADC.c:56: CLKSEL = 0x00;
001B 75A900     572            mov     _CLKSEL,#0x00
001E            573   ;        C:\Users\wongh\OneDrive - UBC\UBC\Year 2\ELEC 291\ELEC-291\Lab5\EFM8_ADC.c:57: while ((CLKSEL & 0x80) == 0);
001E            574   L002001?:
001E E5A9       575            mov     a,_CLKSEL
0020 30E7C0     576            jnb     acc.7,L002001?
0023            577   ;        C:\Users\wongh\OneDrive - UBC\UBC\Year 2\ELEC 291\ELEC-291\Lab5\EFM8_ADC.c:58: CLKSEL = 0x03;
0023 75A903     578            mov     _CLKSEL,#0x03
0026            579   ;        C:\Users\wongh\OneDrive - UBC\UBC\Year 2\ELEC 291\ELEC-291\Lab5\EFM8_ADC.c:59: CLKSEL = 0x03;
0026 75A903     580            mov     _CLKSEL,#0x03
0029            581   ;        C:\Users\wongh\OneDrive - UBC\UBC\Year 2\ELEC 291\ELEC-291\Lab5\EFM8_ADC.c:60: while ((CLKSEL & 0x80) == 0);
0029            582   L002004?:
0029 E5A9       583            mov     a,_CLKSEL
002B 30E740     584            jnb     acc.7,L002004?
002E            585   ;        C:\Users\wongh\OneDrive - UBC\UBC\Year 2\ELEC 291\ELEC-291\Lab5\EFM8_ADC.c:65: P0MDOUT |= 0x10; // Enable UART0 TX as push-pull output
002E 43A410     586            orl     _P0MDOUT,#0x10
0031            587   ;        C:\Users\wongh\OneDrive - UBC\UBC\Year 2\ELEC 291\ELEC-291\Lab5\EFM8_ADC.c:66: XBR0     = 0x01; // Enable UART0 on P0.4(TX) and P0.5(RX)                     
0031 75E101     588            mov     _XBR0,#0x01
0034            589   ;        C:\Users\wongh\OneDrive - UBC\UBC\Year 2\ELEC 291\ELEC-291\Lab5\EFM8_ADC.c:67: XBR1     = 0X00;
0034 75E200     590            mov     _XBR1,#0x00
0037            591   ;        C:\Users\wongh\OneDrive - UBC\UBC\Year 2\ELEC 291\ELEC-291\Lab5\EFM8_ADC.c:68: XBR2     = 0x40; // Enable crossbar and weak pull-ups
0037 75E340     592            mov     _XBR2,#0x40
003A            593   ;        C:\Users\wongh\OneDrive - UBC\UBC\Year 2\ELEC 291\ELEC-291\Lab5\EFM8_ADC.c:74: SCON0 = 0x10;
003A 759810     594            mov     _SCON0,#0x10
003D            595   ;        C:\Users\wongh\OneDrive - UBC\UBC\Year 2\ELEC 291\ELEC-291\Lab5\EFM8_ADC.c:75: TH1 = 0x100-((SYSCLK/BAUDRATE)/(2L*12L));
003D 758DE6     596            mov     _TH1,#0xE6
0040            597   ;        C:\Users\wongh\OneDrive - UBC\UBC\Year 2\ELEC 291\ELEC-291\Lab5\EFM8_ADC.c:76: TL1 = TH1;      // Init Timer1
0040 858D8B     598            mov     _TL1,_TH1
0043            599   ;        C:\Users\wongh\OneDrive - UBC\UBC\Year 2\ELEC 291\ELEC-291\Lab5\EFM8_ADC.c:77: TMOD &= ~0xf0;  // TMOD: timer 1 in 8-bit auto-reload
0043 53890F     600            anl     _TMOD,#0x0F
0046            601   ;        C:\Users\wongh\OneDrive - UBC\UBC\Year 2\ELEC 291\ELEC-291\Lab5\EFM8_ADC.c:78: TMOD |=  0x20;                       
0046 438920     602            orl     _TMOD,#0x20
0049            603   ;        C:\Users\wongh\OneDrive - UBC\UBC\Year 2\ELEC 291\ELEC-291\Lab5\EFM8_ADC.c:79: TR1 = 1; // START Timer1
0049 D28E       604            setb    _TR1
004B            605   ;        C:\Users\wongh\OneDrive - UBC\UBC\Year 2\ELEC 291\ELEC-291\Lab5\EFM8_ADC.c:80: TI = 1;  // Indicate TX0 ready
004B D299       606            setb    _TI
004D            607   ;        C:\Users\wongh\OneDrive - UBC\UBC\Year 2\ELEC 291\ELEC-291\Lab5\EFM8_ADC.c:82: return 0;
004D 758200     608            mov     dpl,#0x00
0050 22         609            ret
0051            610   ;------------------------------------------------------------
0051            611   ;Allocation info for local variables in function 'InitADC'
0051            612   ;------------------------------------------------------------
0051            613   ;------------------------------------------------------------
0051            614   ;        C:\Users\wongh\OneDrive - UBC\UBC\Year 2\ELEC 291\ELEC-291\Lab5\EFM8_ADC.c:85: void InitADC (void)
0051            615   ;        -----------------------------------------
0051            616   ;         function InitADC
0051            617   ;        -----------------------------------------
0051            618   _InitADC:
0051            619   ;        C:\Users\wongh\OneDrive - UBC\UBC\Year 2\ELEC 291\ELEC-291\Lab5\EFM8_ADC.c:87: SFRPAGE = 0x00;
0051 75A700     620            mov     _SFRPAGE,#0x00
0054            621   ;        C:\Users\wongh\OneDrive - UBC\UBC\Year 2\ELEC 291\ELEC-291\Lab5\EFM8_ADC.c:88: ADEN=0; // Disable ADC
0054 C2EF       622            clr     _ADEN
0056            623   ;        C:\Users\wongh\OneDrive - UBC\UBC\Year 2\ELEC 291\ELEC-291\Lab5\EFM8_ADC.c:93: (0x0 << 0) ; // Accumulate n conversions: 0x0: 1, 0x1:4, 0x2:8, 0x3:16, 0x4:32
0056 75B280     624            mov     _ADC0CN1,#0x80
0059            625   ;        C:\Users\wongh\OneDrive - UBC\UBC\Year 2\ELEC 291\ELEC-291\Lab5\EFM8_ADC.c:97: (0x0 << 2); // 0:SYSCLK ADCCLK = SYSCLK. 1:HFOSC0 ADCCLK = HFOSC0.
0059 75BC20     626            mov     _ADC0CF0,#0x20
005C            627   ;        C:\Users\wongh\OneDrive - UBC\UBC\Year 2\ELEC 291\ELEC-291\Lab5\EFM8_ADC.c:101: (0x1E << 0); // Conversion Tracking Time. Tadtk = ADTK / (Fsarclk)
005C 75B91E     628            mov     _ADC0CF1,#0x1E
005F            629   ;        C:\Users\wongh\OneDrive - UBC\UBC\Year 2\ELEC 291\ELEC-291\Lab5\EFM8_ADC.c:110: (0x0 << 0) ; // TEMPE. 0: Disable the Temperature Sensor. 1: Enable the Temperature Sensor.
005F 75E800     630            mov     _ADC0CN0,#0x00
0062            631   ;        C:\Users\wongh\OneDrive - UBC\UBC\Year 2\ELEC 291\ELEC-291\Lab5\EFM8_ADC.c:115: (0x1F << 0); // ADPWR. Power Up Delay Time. Tpwrtime = ((4 * (ADPWR + 1)) + 2) / (Fadcclk)
0062 75DF3F     632            mov     _ADC0CF2,#0x3F
0065            633   ;        C:\Users\wongh\OneDrive - UBC\UBC\Year 2\ELEC 291\ELEC-291\Lab5\EFM8_ADC.c:119: (0x0 << 0) ; // ADCM. 0x0: ADBUSY, 0x1: TIMER0, 0x2: TIMER2, 0x3: TIMER3, 0x4: CNVSTR, 0x5: CEX5, 0x6: TIMER4, 0x7: TIMER5, 0x8: CLU0, 0x9: CLU1, 0xA: CLU2, 0xB: CLU3
0065 75B300     634            mov     _ADC0CN2,#0x00
0068            635   ;        C:\Users\wongh\OneDrive - UBC\UBC\Year 2\ELEC 291\ELEC-291\Lab5\EFM8_ADC.c:121: ADEN=1; // Enable ADC
0068 D2EF       636            setb    _ADEN
006A 22         637            ret
006B            638   ;------------------------------------------------------------
006B            639   ;Allocation info for local variables in function 'Timer3us'
006B            640   ;------------------------------------------------------------
006B            641   ;us                        Allocated to registers r2 
006B            642   ;i                         Allocated to registers r3 
006B            643   ;------------------------------------------------------------
006B            644   ;        C:\Users\wongh\OneDrive - UBC\UBC\Year 2\ELEC 291\ELEC-291\Lab5\EFM8_ADC.c:125: void Timer3us(unsigned char us)
006B            645   ;        -----------------------------------------
006B            646   ;         function Timer3us
006B            647   ;        -----------------------------------------
006B            648   _Timer3us:
006B AA82       649            mov     r2,dpl
006D            650   ;        C:\Users\wongh\OneDrive - UBC\UBC\Year 2\ELEC 291\ELEC-291\Lab5\EFM8_ADC.c:130: CKCON0|=0b_0100_0000;
006D 438E40     651            orl     _CKCON0,#0x40
0070            652   ;        C:\Users\wongh\OneDrive - UBC\UBC\Year 2\ELEC 291\ELEC-291\Lab5\EFM8_ADC.c:132: TMR3RL = (-(SYSCLK)/1000000L); // Set Timer3 to overflow in 1us.
0070 7592B8     653            mov     _TMR3RL,#0xB8
0073 7593FF     654            mov     (_TMR3RL >> 8),#0xFF
0076            655   ;        C:\Users\wongh\OneDrive - UBC\UBC\Year 2\ELEC 291\ELEC-291\Lab5\EFM8_ADC.c:133: TMR3 = TMR3RL;                 // Initialize Timer3 for first overflow
0076 859294     656            mov     _TMR3,_TMR3RL
0079 859395     657            mov     (_TMR3 >> 8),(_TMR3RL >> 8)
007C            658   ;        C:\Users\wongh\OneDrive - UBC\UBC\Year 2\ELEC 291\ELEC-291\Lab5\EFM8_ADC.c:135: TMR3CN0 = 0x04;                 // Sart Timer3 and clear overflow flag
007C 759104     659            mov     _TMR3CN0,#0x04
007F            660   ;        C:\Users\wongh\OneDrive - UBC\UBC\Year 2\ELEC 291\ELEC-291\Lab5\EFM8_ADC.c:136: for (i = 0; i < us; i++)       // Count <us> overflows
007F 7B00       661            mov     r3,#0x00
0081            662   L004004?:
0081 C3         663            clr     c
0082 EB         664            mov     a,r3
0083 9A         665            subb    a,r2
0084 5000       666            jnc     L004007?
0086            667   ;        C:\Users\wongh\OneDrive - UBC\UBC\Year 2\ELEC 291\ELEC-291\Lab5\EFM8_ADC.c:138: while (!(TMR3CN0 & 0x80));  // Wait for overflow
0086            668   L004001?:
0086 E591       669            mov     a,_TMR3CN0
0088 30E740     670            jnb     acc.7,L004001?
008B            671   ;        C:\Users\wongh\OneDrive - UBC\UBC\Year 2\ELEC 291\ELEC-291\Lab5\EFM8_ADC.c:139: TMR3CN0 &= ~(0x80);         // Clear overflow indicator
008B 53917F     672            anl     _TMR3CN0,#0x7F
008E            673   ;        C:\Users\wongh\OneDrive - UBC\UBC\Year 2\ELEC 291\ELEC-291\Lab5\EFM8_ADC.c:136: for (i = 0; i < us; i++)       // Count <us> overflows
008E 0B         674            inc     r3
008F 8000       675            sjmp    L004004?
0091            676   L004007?:
0091            677   ;        C:\Users\wongh\OneDrive - UBC\UBC\Year 2\ELEC 291\ELEC-291\Lab5\EFM8_ADC.c:141: TMR3CN0 = 0 ;                   // Stop Timer3 and clear overflow flag
0091 759100     678            mov     _TMR3CN0,#0x00
0094 22         679            ret
0095            680   ;------------------------------------------------------------
0095            681   ;Allocation info for local variables in function 'waitms'
0095            682   ;------------------------------------------------------------
0095            683   ;ms                        Allocated to registers r2 r3 
0095            684   ;j                         Allocated to registers r4 r5 
0095            685   ;k                         Allocated to registers r6 
0095            686   ;------------------------------------------------------------
0095            687   ;        C:\Users\wongh\OneDrive - UBC\UBC\Year 2\ELEC 291\ELEC-291\Lab5\EFM8_ADC.c:144: void waitms (unsigned int ms)
0095            688   ;        -----------------------------------------
0095            689   ;         function waitms
0095            690   ;        -----------------------------------------
0095            691   _waitms:
0095 AA82       692            mov     r2,dpl
0097 AB83       693            mov     r3,dph
0099            694   ;        C:\Users\wongh\OneDrive - UBC\UBC\Year 2\ELEC 291\ELEC-291\Lab5\EFM8_ADC.c:148: for(j=0; j<ms; j++)
0099 7C00       695            mov     r4,#0x00
009B 7D00       696            mov     r5,#0x00
009D            697   L005005?:
009D C3         698            clr     c
009E EC         699            mov     a,r4
009F 9A         700            subb    a,r2
00A0 ED         701            mov     a,r5
00A1 9B         702            subb    a,r3
00A2 5000       703            jnc     L005009?
00A4            704   ;        C:\Users\wongh\OneDrive - UBC\UBC\Year 2\ELEC 291\ELEC-291\Lab5\EFM8_ADC.c:149: for (k=0; k<4; k++) Timer3us(250);
00A4 7E00       705            mov     r6,#0x00
00A6            706   L005001?:
00A6 BE0480     707            cjne    r6,#0x04,L005018?
00A9            708   L005018?:
00A9 5000       709            jnc     L005007?
00AB 7582FA     710            mov     dpl,#0xFA
00AE C002       711            push    ar2
00B0 C003       712            push    ar3
00B2 C004       713            push    ar4
00B4 C005       714            push    ar5
00B6 C006       715            push    ar6
00B8 120000     716            lcall   _Timer3us
00BB D006       717            pop     ar6
00BD D005       718            pop     ar5
00BF D004       719            pop     ar4
00C1 D003       720            pop     ar3
00C3 D002       721            pop     ar2
00C5 0E         722            inc     r6
00C6 8000       723            sjmp    L005001?
00C8            724   L005007?:
00C8            725   ;        C:\Users\wongh\OneDrive - UBC\UBC\Year 2\ELEC 291\ELEC-291\Lab5\EFM8_ADC.c:148: for(j=0; j<ms; j++)
00C8 0C         726            inc     r4
00C9 BC00C0     727            cjne    r4,#0x00,L005005?
00CC 0D         728            inc     r5
00CD 8000       729            sjmp    L005005?
00CF            730   L005009?:
00CF 22         731            ret
00D0            732   ;------------------------------------------------------------
00D0            733   ;Allocation info for local variables in function 'InitPinADC'
00D0            734   ;------------------------------------------------------------
00D0            735   ;pinno                     Allocated with name '_InitPinADC_PARM_2'
00D0            736   ;portno                    Allocated to registers r2 
00D0            737   ;mask                      Allocated to registers r3 
00D0            738   ;------------------------------------------------------------
00D0            739   ;        C:\Users\wongh\OneDrive - UBC\UBC\Year 2\ELEC 291\ELEC-291\Lab5\EFM8_ADC.c:154: void InitPinADC (unsigned char portno, unsigned char pinno)
00D0            740   ;        -----------------------------------------
00D0            741   ;         function InitPinADC
00D0            742   ;        -----------------------------------------
00D0            743   _InitPinADC:
00D0 AA82       744            mov     r2,dpl
00D2            745   ;        C:\Users\wongh\OneDrive - UBC\UBC\Year 2\ELEC 291\ELEC-291\Lab5\EFM8_ADC.c:158: mask=1<<pinno;
00D2 8560F0     746            mov     b,_InitPinADC_PARM_2
00D5 05F0       747            inc     b
00D7 7401       748            mov     a,#0x01
00D9 8000       749            sjmp    L006013?
00DB            750   L006011?:
00DB 25E0       751            add     a,acc
00DD            752   L006013?:
00DD D5F080     753            djnz    b,L006011?
00E0 FB         754            mov     r3,a
00E1            755   ;        C:\Users\wongh\OneDrive - UBC\UBC\Year 2\ELEC 291\ELEC-291\Lab5\EFM8_ADC.c:160: SFRPAGE = 0x20;
00E1 75A720     756            mov     _SFRPAGE,#0x20
00E4            757   ;        C:\Users\wongh\OneDrive - UBC\UBC\Year 2\ELEC 291\ELEC-291\Lab5\EFM8_ADC.c:161: switch (portno)
00E4 BA00C0     758            cjne    r2,#0x00,L006014?
00E7 8000       759            sjmp    L006001?
00E9            760   L006014?:
00E9 BA0140     761            cjne    r2,#0x01,L006015?
00EC 8000       762            sjmp    L006002?
00EE            763   L006015?:
00EE            764   ;        C:\Users\wongh\OneDrive - UBC\UBC\Year 2\ELEC 291\ELEC-291\Lab5\EFM8_ADC.c:163: case 0:
00EE BA02C0     765            cjne    r2,#0x02,L006005?
00F1 8000       766            sjmp    L006003?
00F3            767   L006001?:
00F3            768   ;        C:\Users\wongh\OneDrive - UBC\UBC\Year 2\ELEC 291\ELEC-291\Lab5\EFM8_ADC.c:164: P0MDIN &= (~mask); // Set pin as analog input
00F3 EB         769            mov     a,r3
00F4 F4         770            cpl     a
00F5 FA         771            mov     r2,a
00F6 52F1       772            anl     _P0MDIN,a
00F8            773   ;        C:\Users\wongh\OneDrive - UBC\UBC\Year 2\ELEC 291\ELEC-291\Lab5\EFM8_ADC.c:165: P0SKIP |= mask; // Skip Crossbar decoding for this pin
00F8 EB         774            mov     a,r3
00F9 42D4       775            orl     _P0SKIP,a
00FB            776   ;        C:\Users\wongh\OneDrive - UBC\UBC\Year 2\ELEC 291\ELEC-291\Lab5\EFM8_ADC.c:166: break;
00FB            777   ;        C:\Users\wongh\OneDrive - UBC\UBC\Year 2\ELEC 291\ELEC-291\Lab5\EFM8_ADC.c:167: case 1:
00FB 8000       778            sjmp    L006005?
00FD            779   L006002?:
00FD            780   ;        C:\Users\wongh\OneDrive - UBC\UBC\Year 2\ELEC 291\ELEC-291\Lab5\EFM8_ADC.c:168: P1MDIN &= (~mask); // Set pin as analog input
00FD EB         781            mov     a,r3
00FE F4         782            cpl     a
00FF FA         783            mov     r2,a
0100 52F2       784            anl     _P1MDIN,a
0102            785   ;        C:\Users\wongh\OneDrive - UBC\UBC\Year 2\ELEC 291\ELEC-291\Lab5\EFM8_ADC.c:169: P1SKIP |= mask; // Skip Crossbar decoding for this pin
0102 EB         786            mov     a,r3
0103 42D5       787            orl     _P1SKIP,a
0105            788   ;        C:\Users\wongh\OneDrive - UBC\UBC\Year 2\ELEC 291\ELEC-291\Lab5\EFM8_ADC.c:170: break;
0105            789   ;        C:\Users\wongh\OneDrive - UBC\UBC\Year 2\ELEC 291\ELEC-291\Lab5\EFM8_ADC.c:171: case 2:
0105 8000       790            sjmp    L006005?
0107            791   L006003?:
0107            792   ;        C:\Users\wongh\OneDrive - UBC\UBC\Year 2\ELEC 291\ELEC-291\Lab5\EFM8_ADC.c:172: P2MDIN &= (~mask); // Set pin as analog input
0107 EB         793            mov     a,r3
0108 F4         794            cpl     a
0109 FA         795            mov     r2,a
010A 52F3       796            anl     _P2MDIN,a
010C            797   ;        C:\Users\wongh\OneDrive - UBC\UBC\Year 2\ELEC 291\ELEC-291\Lab5\EFM8_ADC.c:173: P2SKIP |= mask; // Skip Crossbar decoding for this pin
010C EB         798            mov     a,r3
010D 42CC       799            orl     _P2SKIP,a
010F            800   ;        C:\Users\wongh\OneDrive - UBC\UBC\Year 2\ELEC 291\ELEC-291\Lab5\EFM8_ADC.c:177: }
010F            801   L006005?:
010F            802   ;        C:\Users\wongh\OneDrive - UBC\UBC\Year 2\ELEC 291\ELEC-291\Lab5\EFM8_ADC.c:178: SFRPAGE = 0x00;
010F 75A700     803            mov     _SFRPAGE,#0x00
0112 22         804            ret
0113            805   ;------------------------------------------------------------
0113            806   ;Allocation info for local variables in function 'ADC_at_Pin'
0113            807   ;------------------------------------------------------------
0113            808   ;pin                       Allocated to registers 
0113            809   ;------------------------------------------------------------
0113            810   ;        C:\Users\wongh\OneDrive - UBC\UBC\Year 2\ELEC 291\ELEC-291\Lab5\EFM8_ADC.c:181: unsigned int ADC_at_Pin(unsigned char pin)
0113            811   ;        -----------------------------------------
0113            812   ;         function ADC_at_Pin
0113            813   ;        -----------------------------------------
0113            814   _ADC_at_Pin:
0113 8582BB     815            mov     _ADC0MX,dpl
0116            816   ;        C:\Users\wongh\OneDrive - UBC\UBC\Year 2\ELEC 291\ELEC-291\Lab5\EFM8_ADC.c:184: ADINT = 0;
0116 C2ED       817            clr     _ADINT
0118            818   ;        C:\Users\wongh\OneDrive - UBC\UBC\Year 2\ELEC 291\ELEC-291\Lab5\EFM8_ADC.c:185: ADBUSY = 1;     // Convert voltage at the pin
0118 D2EC       819            setb    _ADBUSY
011A            820   ;        C:\Users\wongh\OneDrive - UBC\UBC\Year 2\ELEC 291\ELEC-291\Lab5\EFM8_ADC.c:186: while (!ADINT); // Wait for conversion to complete
011A            821   L007001?:
011A 30ED40     822            jnb     _ADINT,L007001?
011D            823   ;        C:\Users\wongh\OneDrive - UBC\UBC\Year 2\ELEC 291\ELEC-291\Lab5\EFM8_ADC.c:187: return (ADC0);
011D 85BD82     824            mov     dpl,_ADC0
0120 85BE83     825            mov     dph,(_ADC0 >> 8)
0123 22         826            ret
0124            827   ;------------------------------------------------------------
0124            828   ;Allocation info for local variables in function 'Volts_at_Pin'
0124            829   ;------------------------------------------------------------
0124            830   ;pin                       Allocated to registers r2 
0124            831   ;------------------------------------------------------------
0124            832   ;        C:\Users\wongh\OneDrive - UBC\UBC\Year 2\ELEC 291\ELEC-291\Lab5\EFM8_ADC.c:190: float Volts_at_Pin(unsigned char pin)
0124            833   ;        -----------------------------------------
0124            834   ;         function Volts_at_Pin
0124            835   ;        -----------------------------------------
0124            836   _Volts_at_Pin:
0124            837   ;        C:\Users\wongh\OneDrive - UBC\UBC\Year 2\ELEC 291\ELEC-291\Lab5\EFM8_ADC.c:192: return ((ADC_at_Pin(pin)*VDD)/0b_0011_1111_1111_1111);
0124 120000     838            lcall   _ADC_at_Pin
0127 120000     839            lcall   ___uint2fs
012A AA82       840            mov     r2,dpl
012C AB83       841            mov     r3,dph
012E ACF0       842            mov     r4,b
0130 FD         843            mov     r5,a
0131 C002       844            push    ar2
0133 C003       845            push    ar3
0135 C004       846            push    ar4
0137 C005       847            push    ar5
0139 906C8B     848            mov     dptr,#0x6C8B
013C 75F053     849            mov     b,#0x53
013F 7440       850            mov     a,#0x40
0141 120000     851            lcall   ___fsmul
0144 AA82       852            mov     r2,dpl
0146 AB83       853            mov     r3,dph
0148 ACF0       854            mov     r4,b
014A FD         855            mov     r5,a
014B E581       856            mov     a,sp
014D 24FC       857            add     a,#0xfc
014F F581       858            mov     sp,a
0151 E4         859            clr     a
0152 C0E0       860            push    acc
0154 74FC       861            mov     a,#0xFC
0156 C0E0       862            push    acc
0158 747F       863            mov     a,#0x7F
015A C0E0       864            push    acc
015C 7446       865            mov     a,#0x46
015E C0E0       866            push    acc
0160 8A82       867            mov     dpl,r2
0162 8B83       868            mov     dph,r3
0164 8CF0       869            mov     b,r4
0166 ED         870            mov     a,r5
0167 120000     871            lcall   ___fsdiv
016A AA82       872            mov     r2,dpl
016C AB83       873            mov     r3,dph
016E ACF0       874            mov     r4,b
0170 FD         875            mov     r5,a
0171 E581       876            mov     a,sp
0173 24FC       877            add     a,#0xfc
0175 F581       878            mov     sp,a
0177 8A82       879            mov     dpl,r2
0179 8B83       880            mov     dph,r3
017B 8CF0       881            mov     b,r4
017D ED         882            mov     a,r5
017E 22         883            ret
017F            884   ;------------------------------------------------------------
017F            885   ;Allocation info for local variables in function 'main'
017F            886   ;------------------------------------------------------------
017F            887   ;v                         Allocated to registers r2 r3 r4 r5 
017F            888   ;------------------------------------------------------------
017F            889   ;        C:\Users\wongh\OneDrive - UBC\UBC\Year 2\ELEC 291\ELEC-291\Lab5\EFM8_ADC.c:195: void main (void)
017F            890   ;        -----------------------------------------
017F            891   ;         function main
017F            892   ;        -----------------------------------------
017F            893   _main:
017F            894   ;        C:\Users\wongh\OneDrive - UBC\UBC\Year 2\ELEC 291\ELEC-291\Lab5\EFM8_ADC.c:199: waitms(500); // Give PuTTy a chance to start before sending
017F 9001F4     895            mov     dptr,#0x01F4
0182 120000     896            lcall   _waitms
0185            897   ;        C:\Users\wongh\OneDrive - UBC\UBC\Year 2\ELEC 291\ELEC-291\Lab5\EFM8_ADC.c:200: printf("\x1b[2J"); // Clear screen using ANSI escape sequence.
0185 7480       898            mov     a,#__str_0
0187 C0E0       899            push    acc
0189 74BA       900            mov     a,#(__str_0 >> 8)
018B C0E0       901            push    acc
018D 7480       902            mov     a,#0x80
018F C0E0       903            push    acc
0191 120000     904            lcall   _printf
0194 1581       905            dec     sp
0196 1581       906            dec     sp
0198 1581       907            dec     sp
019A            908   ;        C:\Users\wongh\OneDrive - UBC\UBC\Year 2\ELEC 291\ELEC-291\Lab5\EFM8_ADC.c:205: __FILE__, __DATE__, __TIME__);
019A            909   ;        C:\Users\wongh\OneDrive - UBC\UBC\Year 2\ELEC 291\ELEC-291\Lab5\EFM8_ADC.c:204: "Compiled: %s, %s\n\n",
019A 7400       910            mov     a,#__str_4
019C C0E0       911            push    acc
019E 74BB       912            mov     a,#(__str_4 >> 8)
01A0 C0E0       913            push    acc
01A2 7480       914            mov     a,#0x80
01A4 C0E0       915            push    acc
01A6 7440       916            mov     a,#__str_3
01A8 C0E0       917            push    acc
01AA 74BB       918            mov     a,#(__str_3 >> 8)
01AC C0E0       919            push    acc
01AE 7480       920            mov     a,#0x80
01B0 C0E0       921            push    acc
01B2 7480       922            mov     a,#__str_2
01B4 C0E0       923            push    acc
01B6 74BB       924            mov     a,#(__str_2 >> 8)
01B8 C0E0       925            push    acc
01BA 7480       926            mov     a,#0x80
01BC C0E0       927            push    acc
01BE 74C0       928            mov     a,#__str_1
01C0 C0E0       929            push    acc
01C2 74BB       930            mov     a,#(__str_1 >> 8)
01C4 C0E0       931            push    acc
01C6 7480       932            mov     a,#0x80
01C8 C0E0       933            push    acc
01CA 120000     934            lcall   _printf
01CD E581       935            mov     a,sp
01CF 24F4       936            add     a,#0xf4
01D1 F581       937            mov     sp,a
01D3            938   ;        C:\Users\wongh\OneDrive - UBC\UBC\Year 2\ELEC 291\ELEC-291\Lab5\EFM8_ADC.c:208: InitPinADC(2, 3); // Configure P2.3 as analog input
01D3 756003     939            mov     _InitPinADC_PARM_2,#0x03
01D6 758202     940            mov     dpl,#0x02
01D9 120000     941            lcall   _InitPinADC
01DC            942   ;        C:\Users\wongh\OneDrive - UBC\UBC\Year 2\ELEC 291\ELEC-291\Lab5\EFM8_ADC.c:210: InitADC();
01DC 120000     943            lcall   _InitADC
01DF            944   ;        C:\Users\wongh\OneDrive - UBC\UBC\Year 2\ELEC 291\ELEC-291\Lab5\EFM8_ADC.c:212: while(1)
01DF            945   L009002?:
01DF            946   ;        C:\Users\wongh\OneDrive - UBC\UBC\Year 2\ELEC 291\ELEC-291\Lab5\EFM8_ADC.c:215: v = Volts_at_Pin(QFP32_MUX_P2_3);
01DF 758210     947            mov     dpl,#0x10
01E2 120000     948            lcall   _Volts_at_Pin
01E5 AA82       949            mov     r2,dpl
01E7 AB83       950            mov     r3,dph
01E9 ACF0       951            mov     r4,b
01EB FD         952            mov     r5,a
01EC            953   ;        C:\Users\wongh\OneDrive - UBC\UBC\Year 2\ELEC 291\ELEC-291\Lab5\EFM8_ADC.c:217: printf("V_sig = %.5f", v);
01EC C002       954            push    ar2
01EE C003       955            push    ar3
01F0 C004       956            push    ar4
01F2 C005       957            push    ar5
01F4 7440       958            mov     a,#__str_5
01F6 C0E0       959            push    acc
01F8 74BC       960            mov     a,#(__str_5 >> 8)
01FA C0E0       961            push    acc
01FC 7480       962            mov     a,#0x80
01FE C0E0       963            push    acc
0200 120000     964            lcall   _printf
0203 E581       965            mov     a,sp
0205 24F9       966            add     a,#0xf9
0207 F581       967            mov     sp,a
0209            968   ;        C:\Users\wongh\OneDrive - UBC\UBC\Year 2\ELEC 291\ELEC-291\Lab5\EFM8_ADC.c:218: waitms(500);
0209 9001F4     969            mov     dptr,#0x01F4
020C 120000     970            lcall   _waitms
020F 8000       971            sjmp    L009002?
0211            972            rseg R_CSEG
0211            973   
0000            974            rseg R_XINIT
0000            975   
0000            976            rseg R_CONST
0000            977   __str_0:
0000 1B         978            db 0x1B
0001 5B324A     979            db '[2J'
0004 00         980            db 0x00
0005            981   __str_1:
0005 41444320   982            db 'ADC test program'
     74657374
     2070726F
     6772616D
0015 0A         983            db 0x0A
0016 46696C65   984            db 'File: %s'
     3A202573
001E 0A         985            db 0x0A
001F 436F6D70   986            db 'Compiled: %s, %s'
     696C6564
     3A202573
     2C202573
002F 0A         987            db 0x0A
0030 0A         988            db 0x0A
0031 00         989            db 0x00
0032            990   __str_2:
0032 433A       991            db 'C:'
0034 5C         992            db 0x5C
0035 55736572   993            db 'Users'
     73
003A 5C         994            db 0x5C
003B 776F6E67   995            db 'wongh'
     68
0040 5C         996            db 0x5C
0041 4F6E6544   997            db 'OneDrive - UBC'
     72697665
     202D2055
     4243
004F 5C         998            db 0x5C
0050 554243     999            db 'UBC'
0053 5C        1000            db 0x5C
0054 59656172  1001            db 'Year 2'
     2032
005A 5C        1002            db 0x5C
005B 454C4543  1003            db 'ELEC 291'
     20323931
0063 5C        1004            db 0x5C
0064 454C4543  1005            db 'ELEC-291'
     2D323931
006C 5C        1006            db 0x5C
006D 4C        1007            db 'L'
006E 616235    1008            db 'ab5'
0071 5C        1009            db 0x5C
0072 45464D38  1010            db 'EFM8_ADC.c'
     5F414443
     2E63
007C 00        1011            db 0x00
007D           1012   __str_3:
007D 4D617220  1013            db 'Mar  4 2025'
     20342032
     303235
0088 00        1014            db 0x00
0089           1015   __str_4:
0089 31363A33  1016            db '16:35:48'
     353A3438
0091 00        1017            db 0x00
0092           1018   __str_5:
0092 565F7369  1019            db 'V_sig = %.5f'
     67203D20
     252E3566
009E 00        1020            db 0x00
009F           1021   
0003           1022            CSEG
0003           1023   
0003           1024   end
